<?xml version="1.0" encoding="UTF-8"?>
<robot generator="Robot 5.0 (Python 3.10.4 on win32)" generated="20220403 21:44:59.224" rpa="false" schemaversion="3">
<suite id="s1" name="17TableDemo" source="C:\Users\Milad Zarour\PycharmProjects\Automation\TestCases\17TableDemo.robot">
<test id="s1-t1" name="TableValidations" line="5">
<kw name="Open Browser" library="SeleniumLibrary">
<arg>https://testautomationpractice.blogspot.com/</arg>
<arg>chrome</arg>
<doc>Opens a new browser instance to the optional ``url``.</doc>
<msg timestamp="20220403 21:44:59.427" level="INFO">Opening browser 'chrome' to base url 'https://testautomationpractice.blogspot.com/'.</msg>
<status status="PASS" starttime="20220403 21:44:59.427" endtime="20220403 21:45:03.752"/>
</kw>
<kw name="Maximize Browser Window" library="SeleniumLibrary">
<doc>Maximizes current browser window.</doc>
<status status="PASS" starttime="20220403 21:45:03.753" endtime="20220403 21:45:03.921"/>
</kw>
<kw name="Get Element Count" library="SeleniumLibrary">
<var>${rows}</var>
<arg>xpath://body/div[4]/div[2]/div[2]/div[2]/footer[1]/div[1]/div[2]/div[2]/div[1]/div[1]/div[1]/table[1]/tbody/tr</arg>
<doc>Returns the number of elements matching ``locator``.</doc>
<msg timestamp="20220403 21:45:03.943" level="INFO">${rows} = 7</msg>
<status status="PASS" starttime="20220403 21:45:03.923" endtime="20220403 21:45:03.943"/>
</kw>
<kw name="Get Element Count" library="SeleniumLibrary">
<var>${col}</var>
<arg>xpath://body/div[4]/div[2]/div[2]/div[2]/footer[1]/div[1]/div[2]/div[2]/div[1]/div[1]/div[1]/table[1]/tbody/tr[1]/th</arg>
<doc>Returns the number of elements matching ``locator``.</doc>
<msg timestamp="20220403 21:45:03.958" level="INFO">${col} = 4</msg>
<status status="PASS" starttime="20220403 21:45:03.943" endtime="20220403 21:45:03.958"/>
</kw>
<kw name="Log To Console" library="BuiltIn">
<arg>${rows}</arg>
<doc>Logs the given message to the console.</doc>
<status status="PASS" starttime="20220403 21:45:03.958" endtime="20220403 21:45:03.959"/>
</kw>
<kw name="Log To Console" library="BuiltIn">
<arg>${col}</arg>
<doc>Logs the given message to the console.</doc>
<status status="PASS" starttime="20220403 21:45:03.960" endtime="20220403 21:45:03.960"/>
</kw>
<kw name="Get Text" library="SeleniumLibrary">
<var>${data}</var>
<arg>xpath://body/div[4]/div[2]/div[2]/div[2]/footer[1]/div[1]/div[2]/div[2]/div[1]/div[1]/div[1]/table[1]/tbody/tr[5]/td[1]</arg>
<doc>Returns the text value of the element identified by ``locator``.</doc>
<msg timestamp="20220403 21:45:03.991" level="INFO">${data} = Master In Selenium</msg>
<status status="PASS" starttime="20220403 21:45:03.960" endtime="20220403 21:45:03.991"/>
</kw>
<kw name="Log To Console" library="BuiltIn">
<arg>${data}</arg>
<doc>Logs the given message to the console.</doc>
<status status="PASS" starttime="20220403 21:45:03.992" endtime="20220403 21:45:03.993"/>
</kw>
<kw name="Table Column Should Contain" library="SeleniumLibrary">
<arg>xpath://table[@name='BookTable']</arg>
<arg>2</arg>
<arg>Author</arg>
<doc>Verifies table column contains text ``expected``.</doc>
<status status="PASS" starttime="20220403 21:45:03.993" endtime="20220403 21:45:04.046"/>
</kw>
<kw name="Table Row Should Contain" library="SeleniumLibrary">
<arg>xpath://table[@name='BookTable']</arg>
<arg>4</arg>
<arg>Learn JS</arg>
<doc>Verifies that table row contains text ``expected``.</doc>
<status status="PASS" starttime="20220403 21:45:04.047" endtime="20220403 21:45:04.081"/>
</kw>
<kw name="Table Cell Should Contain" library="SeleniumLibrary">
<arg>xpath://table[@name='BookTable']</arg>
<arg>5</arg>
<arg>2</arg>
<arg>Mukesh</arg>
<doc>Verifies table cell contains text ``expected``.</doc>
<msg timestamp="20220403 21:45:04.143" level="INFO">Table cell contains 'Mukesh'.</msg>
<status status="PASS" starttime="20220403 21:45:04.081" endtime="20220403 21:45:04.143"/>
</kw>
<kw name="Table Header Should Contain" library="SeleniumLibrary">
<arg>xpath://table[@name='BookTable']</arg>
<arg>BookName</arg>
<doc>Verifies table header contains text ``expected``.</doc>
<status status="PASS" starttime="20220403 21:45:04.143" endtime="20220403 21:45:04.178"/>
</kw>
<kw name="Close Browser" library="SeleniumLibrary">
<doc>Closes the current browser.</doc>
<status status="PASS" starttime="20220403 21:45:04.179" endtime="20220403 21:45:06.286"/>
</kw>
<status status="PASS" starttime="20220403 21:44:59.427" endtime="20220403 21:45:06.286"/>
</test>
<status status="PASS" starttime="20220403 21:44:59.224" endtime="20220403 21:45:06.286"/>
</suite>
<statistics>
<total>
<stat pass="1" fail="0" skip="0">All Tests</stat>
</total>
<tag>
</tag>
<suite>
<stat pass="1" fail="0" skip="0" id="s1" name="17TableDemo">17TableDemo</stat>
</suite>
</statistics>
<errors>
</errors>
</robot>
